<?xml version="1.0" encoding="UTF-8"?>
<testng-results ignored="0" total="1" passed="1" failed="0" skipped="0">
  <reporter-output>
  </reporter-output>
  <suite started-at="2023-03-15T19:17:36 IST" name="Surefire suite" finished-at="2023-03-15T19:18:00 IST" duration-ms="23731">
    <groups>
      <group name="cucumber">
        <method signature="AbstractTestNGCucumberTests.runScenario(io.cucumber.testng.PickleWrapper,io.cucumber.testng.FeatureWrapper)[pri:0, instance:TestRunner.TestNGRunner$TestRunner@2fd1433e]" name="runScenario" class="io.cucumber.testng.AbstractTestNGCucumberTests"/>
      </group> <!-- cucumber -->
    </groups>
    <test started-at="2023-03-15T19:17:36 IST" name="Surefire test" finished-at="2023-03-15T19:18:00 IST" duration-ms="23731">
      <class name="TestRunner.TestNGRunner$TestRunner">
        <test-method is-config="true" signature="setUpClass(org.testng.ITestContext)[pri:0, instance:TestRunner.TestNGRunner$TestRunner@2fd1433e]" started-at="2023-03-15T19:17:36 IST" name="setUpClass" finished-at="2023-03-15T19:17:36 IST" duration-ms="244" status="PASS">
          <params>
            <param index="0">
              <value>
                <![CDATA[org.testng.TestRunner@56499781]]>
              </value>
            </param>
          </params>
          <reporter-output>
          </reporter-output>
        </test-method> <!-- setUpClass -->
        <test-method signature="runScenario(io.cucumber.testng.PickleWrapper,io.cucumber.testng.FeatureWrapper)[pri:0, instance:TestRunner.TestNGRunner$TestRunner@2fd1433e]" started-at="2023-03-15T19:17:36 IST" name="runScenario" description="Runs Cucumber Scenarios" data-provider="scenarios" finished-at="2023-03-15T19:18:00 IST" duration-ms="23423" status="PASS">
          <params>
            <param index="0">
              <value>
                <![CDATA["Search for MenuItems"]]>
              </value>
            </param>
            <param index="1">
              <value>
                <![CDATA["Search for the Menu Items"]]>
              </value>
            </param>
          </params>
          <reporter-output>
          </reporter-output>
        </test-method> <!-- runScenario -->
        <test-method is-config="true" signature="tearDownClass()[pri:0, instance:TestRunner.TestNGRunner$TestRunner@2fd1433e]" started-at="2023-03-15T19:18:00 IST" name="tearDownClass" finished-at="2023-03-15T19:18:00 IST" duration-ms="8" status="PASS">
          <reporter-output>
          </reporter-output>
        </test-method> <!-- tearDownClass -->
      </class> <!-- TestRunner.TestNGRunner$TestRunner -->
    </test> <!-- Surefire test -->
  </suite> <!-- Surefire suite -->
</testng-results>
